-------------------------------------------------------------------------------
Test set: As user I want to be able to login under different roles
-------------------------------------------------------------------------------
Tests run: 12, Failures: 1, Errors: 0, Skipped: 0, Time elapsed: 143.908 s <<< FAILURE! - in As user I want to be able to login under different roles
As user I want to be able to login under different roles.Parametrized login as driver #1  Time elapsed: 10.27 s  <<< FAILURE!
org.junit.ComparisonFailure: Title is not correct! expected:<[Dashboar]d> but was:<[Quick Launchpa]d>

