<?xml version="1.0" encoding="UTF-8"?>
<testsuite xmlns:xsi="http://www.w3.org/2001/XMLSchema-instance" xsi:noNamespaceSchemaLocation="https://maven.apache.org/surefire/maven-surefire-plugin/xsd/surefire-test-report-3.0.xsd" version="3.0" name="As user, I want to be able to create new cars" time="146.336" tests="5" errors="0" skipped="0" failures="0">
  <properties>
[...]
</properties>
  <testcase name="1. Add some car" classname="As user, I want to be able to create new cars" time="31.014">
    <system-out><![CDATA[::: Starting Automation:::
I'm before step
I'm before step
I'm before step
I'm before step
Clicking on 'Create car' button
I'm before step
Key: License Plate, value: SDET
Key: Model Year, value: 2021
License plate: SDET
Model year: 2021
Entering text: SDET
Entering text: 2021
I'm before step
:::(^_^) End of test execution (*_*):::
]]></system-out>
    <system-err><![CDATA[Nov 14, 2020 11:20:04 PM org.openqa.selenium.remote.ProtocolHandshake createSession
INFO: Detected dialect: W3C
]]></system-err>
  </testcase>
  <testcase name="Add some car with FLORIDA plates and 2020 year" classname="As user, I want to be able to create new cars" time="28.71">
    <system-out><![CDATA[::: Starting Automation:::
I'm before step
I'm before step
I'm before step
I'm before step
Clicking on 'Create car' button
I'm before step
Key: License Plate, value: FLORIDA
Key: Model Year, value: 2020
License plate: FLORIDA
Model year: 2020
Entering text: FLORIDA
Entering text: 2020
I'm before step
:::(^_^) End of test execution (*_*):::
]]></system-out>
    <system-err><![CDATA[Nov 14, 2020 11:20:34 PM org.openqa.selenium.remote.ProtocolHandshake createSession
INFO: Detected dialect: W3C
]]></system-err>
  </testcase>
  <testcase name="Add some car with QA plates and 2021 year" classname="As user, I want to be able to create new cars" time="29.5">
    <system-out><![CDATA[::: Starting Automation:::
I'm before step
I'm before step
I'm before step
I'm before step
Clicking on 'Create car' button
I'm before step
Key: License Plate, value: QA
Key: Model Year, value: 2021
License plate: QA
Model year: 2021
Entering text: QA
Entering text: 2021
I'm before step
:::(^_^) End of test execution (*_*):::
]]></system-out>
    <system-err><![CDATA[Nov 14, 2020 11:21:03 PM org.openqa.selenium.remote.ProtocolHandshake createSession
INFO: Detected dialect: W3C
]]></system-err>
  </testcase>
  <testcase name="Add some car with RAMAZAN plates and 2030 year" classname="As user, I want to be able to create new cars" time="28.635">
    <system-out><![CDATA[::: Starting Automation:::
I'm before step
I'm before step
I'm before step
I'm before step
Clicking on 'Create car' button
I'm before step
Key: License Plate, value: RAMAZAN
Key: Model Year, value: 2030
License plate: RAMAZAN
Model year: 2030
Entering text: RAMAZAN
Entering text: 2030
I'm before step
:::(^_^) End of test execution (*_*):::
]]></system-out>
    <system-err><![CDATA[Nov 14, 2020 11:21:32 PM org.openqa.selenium.remote.ProtocolHandshake createSession
INFO: Detected dialect: W3C
]]></system-err>
  </testcase>
  <testcase name="Add some car with SDET plates and 1999 year" classname="As user, I want to be able to create new cars" time="28.477">
    <system-out><![CDATA[::: Starting Automation:::
I'm before step
I'm before step
I'm before step
I'm before step
Clicking on 'Create car' button
I'm before step
Key: License Plate, value: SDET
Key: Model Year, value: 1999
License plate: SDET
Model year: 1999
Entering text: SDET
Entering text: 1999
I'm before step
:::(^_^) End of test execution (*_*):::
]]></system-out>
    <system-err><![CDATA[Nov 14, 2020 11:22:01 PM org.openqa.selenium.remote.ProtocolHandshake createSession
INFO: Detected dialect: W3C
]]></system-err>
  </testcase>
</testsuite>