<?xml version="1.0" encoding="UTF-8"?>
<testsuite xmlns:xsi="http://www.w3.org/2001/XMLSchema-instance" xsi:noNamespaceSchemaLocation="https://maven.apache.org/surefire/maven-surefire-plugin/xsd/surefire-test-report-3.0.xsd" version="3.0" name="com.vytrack.runners.CucumberRunner" time="414.434" tests="19" errors="0" skipped="0" failures="1">
  <properties>
[...]
</properties>
  <testcase name="Login as a sales manager" classname="As user I want to be able to login under different roles" time="14.829">
    <system-out><![CDATA[::: Starting Automation:::
I see the Dashboard page!
:::(^_^) End of test execution (*_*):::
]]></system-out>
    <system-err><![CDATA[SLF4J: Failed to load class "org.slf4j.impl.StaticLoggerBinder".
SLF4J: Defaulting to no-operation (NOP) logger implementation
SLF4J: See http://www.slf4j.org/codes.html#StaticLoggerBinder for further details.
Starting ChromeDriver 86.0.4240.22 (398b0743353ff36fb1b82468f63a3a93b4e2e89e-refs/branch-heads/4240@{#378}) on port 34006
Only local connections are allowed.
Please see https://chromedriver.chromium.org/security-considerations for suggestions on keeping ChromeDriver safe.
ChromeDriver was started successfully.
Nov 05, 2020 1:38:57 PM org.openqa.selenium.remote.ProtocolHandshake createSession
INFO: Detected dialect: W3C
]]></system-err>
  </testcase>
  <testcase name="Parametrized login as sales manager #1" classname="As user I want to be able to login under different roles" time="10.586">
    <system-out><![CDATA[::: Starting Automation:::
I see the Dashboard page!
:::(^_^) End of test execution (*_*):::
]]></system-out>
    <system-err><![CDATA[Starting ChromeDriver 86.0.4240.22 (398b0743353ff36fb1b82468f63a3a93b4e2e89e-refs/branch-heads/4240@{#378}) on port 25151
Only local connections are allowed.
Please see https://chromedriver.chromium.org/security-considerations for suggestions on keeping ChromeDriver safe.
ChromeDriver was started successfully.
Nov 05, 2020 1:39:09 PM org.openqa.selenium.remote.ProtocolHandshake createSession
INFO: Detected dialect: W3C
]]></system-err>
  </testcase>
  <testcase name="Parametrized login as store manager #1" classname="As user I want to be able to login under different roles" time="10.688">
    <system-out><![CDATA[::: Starting Automation:::
I see the Dashboard page!
:::(^_^) End of test execution (*_*):::
]]></system-out>
    <system-err><![CDATA[Starting ChromeDriver 86.0.4240.22 (398b0743353ff36fb1b82468f63a3a93b4e2e89e-refs/branch-heads/4240@{#378}) on port 31868
Only local connections are allowed.
Please see https://chromedriver.chromium.org/security-considerations for suggestions on keeping ChromeDriver safe.
ChromeDriver was started successfully.
Nov 05, 2020 1:39:20 PM org.openqa.selenium.remote.ProtocolHandshake createSession
INFO: Detected dialect: W3C
]]></system-err>
  </testcase>
  <testcase name="Parametrized login as driver #1" classname="As user I want to be able to login under different roles" time="10.226">
    <failure message="Title is not correct! expected:&lt;[Dashboar]d&gt; but was:&lt;[Quick Launchpa]d&gt;" type="org.junit.ComparisonFailure"><![CDATA[org.junit.ComparisonFailure: Title is not correct! expected:<[Dashboar]d> but was:<[Quick Launchpa]d>
]]></failure>
    <system-out><![CDATA[::: Starting Automation:::
:::(^_^) End of test execution (*_*):::
]]></system-out>
    <system-err><![CDATA[Starting ChromeDriver 86.0.4240.22 (398b0743353ff36fb1b82468f63a3a93b4e2e89e-refs/branch-heads/4240@{#378}) on port 13077
Only local connections are allowed.
Please see https://chromedriver.chromium.org/security-considerations for suggestions on keeping ChromeDriver safe.
ChromeDriver was started successfully.
Nov 05, 2020 1:39:30 PM org.openqa.selenium.remote.ProtocolHandshake createSession
INFO: Detected dialect: W3C
]]></system-err>
  </testcase>
  <testcase name="Parametrized login as sales manager #2" classname="As user I want to be able to login under different roles" time="10.358">
    <system-out><![CDATA[::: Starting Automation:::
:::(^_^) End of test execution (*_*):::
]]></system-out>
    <system-err><![CDATA[Starting ChromeDriver 86.0.4240.22 (398b0743353ff36fb1b82468f63a3a93b4e2e89e-refs/branch-heads/4240@{#378}) on port 1266
Only local connections are allowed.
Please see https://chromedriver.chromium.org/security-considerations for suggestions on keeping ChromeDriver safe.
ChromeDriver was started successfully.
Nov 05, 2020 1:39:41 PM org.openqa.selenium.remote.ProtocolHandshake createSession
INFO: Detected dialect: W3C
]]></system-err>
  </testcase>
  <testcase name="Parametrized login as store manager #2" classname="As user I want to be able to login under different roles" time="10.556">
    <system-out><![CDATA[::: Starting Automation:::
:::(^_^) End of test execution (*_*):::
]]></system-out>
    <system-err><![CDATA[Starting ChromeDriver 86.0.4240.22 (398b0743353ff36fb1b82468f63a3a93b4e2e89e-refs/branch-heads/4240@{#378}) on port 25163
Only local connections are allowed.
Please see https://chromedriver.chromium.org/security-considerations for suggestions on keeping ChromeDriver safe.
ChromeDriver was started successfully.
Nov 05, 2020 1:39:51 PM org.openqa.selenium.remote.ProtocolHandshake createSession
INFO: Detected dialect: W3C
]]></system-err>
  </testcase>
  <testcase name="Parametrized login as driver #2" classname="As user I want to be able to login under different roles" time="10.296">
    <system-out><![CDATA[::: Starting Automation:::
:::(^_^) End of test execution (*_*):::
]]></system-out>
    <system-err><![CDATA[Starting ChromeDriver 86.0.4240.22 (398b0743353ff36fb1b82468f63a3a93b4e2e89e-refs/branch-heads/4240@{#378}) on port 36746
Only local connections are allowed.
Please see https://chromedriver.chromium.org/security-considerations for suggestions on keeping ChromeDriver safe.
ChromeDriver was started successfully.
Nov 05, 2020 1:40:02 PM org.openqa.selenium.remote.ProtocolHandshake createSession
INFO: Detected dialect: W3C
]]></system-err>
  </testcase>
  <testcase name="Invalid password" classname="As user I want to be able to login under different roles" time="13.807">
    <system-out><![CDATA[::: Starting Automation:::
:::(^_^) End of test execution (*_*):::
]]></system-out>
    <system-err><![CDATA[Starting ChromeDriver 86.0.4240.22 (398b0743353ff36fb1b82468f63a3a93b4e2e89e-refs/branch-heads/4240@{#378}) on port 26156
Only local connections are allowed.
Please see https://chromedriver.chromium.org/security-considerations for suggestions on keeping ChromeDriver safe.
ChromeDriver was started successfully.
Nov 05, 2020 1:40:12 PM org.openqa.selenium.remote.ProtocolHandshake createSession
INFO: Detected dialect: W3C
]]></system-err>
  </testcase>
  <testcase name="Invalid login with wrong and bad" classname="As user I want to be able to login under different roles" time="13.839">
    <system-out><![CDATA[::: Starting Automation:::
:::(^_^) End of test execution (*_*):::
]]></system-out>
    <system-err><![CDATA[Starting ChromeDriver 86.0.4240.22 (398b0743353ff36fb1b82468f63a3a93b4e2e89e-refs/branch-heads/4240@{#378}) on port 14484
Only local connections are allowed.
Please see https://chromedriver.chromium.org/security-considerations for suggestions on keeping ChromeDriver safe.
ChromeDriver was started successfully.
Nov 05, 2020 1:40:26 PM org.openqa.selenium.remote.ProtocolHandshake createSession
INFO: Detected dialect: W3C
]]></system-err>
  </testcase>
  <testcase name="Invalid login with wrong213 and bad" classname="As user I want to be able to login under different roles" time="13.853">
    <system-out><![CDATA[::: Starting Automation:::
:::(^_^) End of test execution (*_*):::
]]></system-out>
    <system-err><![CDATA[Starting ChromeDriver 86.0.4240.22 (398b0743353ff36fb1b82468f63a3a93b4e2e89e-refs/branch-heads/4240@{#378}) on port 12873
Only local connections are allowed.
Please see https://chromedriver.chromium.org/security-considerations for suggestions on keeping ChromeDriver safe.
ChromeDriver was started successfully.
Nov 05, 2020 1:40:40 PM org.openqa.selenium.remote.ProtocolHandshake createSession
INFO: Detected dialect: W3C
]]></system-err>
  </testcase>
  <testcase name="Invalid login with wrong32 and bad" classname="As user I want to be able to login under different roles" time="13.805">
    <system-out><![CDATA[::: Starting Automation:::
:::(^_^) End of test execution (*_*):::
]]></system-out>
    <system-err><![CDATA[Starting ChromeDriver 86.0.4240.22 (398b0743353ff36fb1b82468f63a3a93b4e2e89e-refs/branch-heads/4240@{#378}) on port 5885
Only local connections are allowed.
Please see https://chromedriver.chromium.org/security-considerations for suggestions on keeping ChromeDriver safe.
ChromeDriver was started successfully.
Nov 05, 2020 1:40:54 PM org.openqa.selenium.remote.ProtocolHandshake createSession
INFO: Detected dialect: W3C
]]></system-err>
  </testcase>
  <testcase name="Invalid login with wrong12 and bad" classname="As user I want to be able to login under different roles" time="13.98">
    <system-out><![CDATA[::: Starting Automation:::
:::(^_^) End of test execution (*_*):::
]]></system-out>
    <system-err><![CDATA[Starting ChromeDriver 86.0.4240.22 (398b0743353ff36fb1b82468f63a3a93b4e2e89e-refs/branch-heads/4240@{#378}) on port 48444
Only local connections are allowed.
Please see https://chromedriver.chromium.org/security-considerations for suggestions on keeping ChromeDriver safe.
ChromeDriver was started successfully.
Nov 05, 2020 1:41:07 PM org.openqa.selenium.remote.ProtocolHandshake createSession
INFO: Detected dialect: W3C
]]></system-err>
  </testcase>
  <testcase name="Create calendar event with default time" classname="As user, I want to be able to create calendar events" time="38.751">
    <system-out><![CDATA[::: Starting Automation:::
Entering text: B20 Graduation Party
:::(^_^) End of test execution (*_*):::
]]></system-out>
    <system-err><![CDATA[Starting ChromeDriver 86.0.4240.22 (398b0743353ff36fb1b82468f63a3a93b4e2e89e-refs/branch-heads/4240@{#378}) on port 46651
Only local connections are allowed.
Please see https://chromedriver.chromium.org/security-considerations for suggestions on keeping ChromeDriver safe.
ChromeDriver was started successfully.
Nov 05, 2020 1:41:21 PM org.openqa.selenium.remote.ProtocolHandshake createSession
INFO: Detected dialect: W3C
]]></system-err>
  </testcase>
  <testcase name="1. Add some car" classname="As user, I want to be able to create new cars" time="35.535">
    <system-out><![CDATA[::: Starting Automation:::
Clicking on 'Create car' button
Key: License Plate, value: SDET
Key: Model Year, value: 2021
License plate: SDET
Model year: 2021
Entering text: SDET
Entering text: 2021
:::(^_^) End of test execution (*_*):::
]]></system-out>
    <system-err><![CDATA[Starting ChromeDriver 86.0.4240.22 (398b0743353ff36fb1b82468f63a3a93b4e2e89e-refs/branch-heads/4240@{#378}) on port 9392
Only local connections are allowed.
Please see https://chromedriver.chromium.org/security-considerations for suggestions on keeping ChromeDriver safe.
ChromeDriver was started successfully.
Nov 05, 2020 1:42:00 PM org.openqa.selenium.remote.ProtocolHandshake createSession
INFO: Detected dialect: W3C
]]></system-err>
  </testcase>
  <testcase name="Add some car with FLORIDA plates and 2020 year" classname="As user, I want to be able to create new cars" time="35.452">
    <system-out><![CDATA[::: Starting Automation:::
Clicking on 'Create car' button
Key: License Plate, value: FLORIDA
Key: Model Year, value: 2020
License plate: FLORIDA
Model year: 2020
Entering text: FLORIDA
Entering text: 2020
:::(^_^) End of test execution (*_*):::
]]></system-out>
    <system-err><![CDATA[Starting ChromeDriver 86.0.4240.22 (398b0743353ff36fb1b82468f63a3a93b4e2e89e-refs/branch-heads/4240@{#378}) on port 13851
Only local connections are allowed.
Please see https://chromedriver.chromium.org/security-considerations for suggestions on keeping ChromeDriver safe.
ChromeDriver was started successfully.
Nov 05, 2020 1:42:35 PM org.openqa.selenium.remote.ProtocolHandshake createSession
INFO: Detected dialect: W3C
]]></system-err>
  </testcase>
  <testcase name="Add some car with QA plates and 2021 year" classname="As user, I want to be able to create new cars" time="35.874">
    <system-out><![CDATA[::: Starting Automation:::
Clicking on 'Create car' button
Key: License Plate, value: QA
Key: Model Year, value: 2021
License plate: QA
Model year: 2021
Entering text: QA
Entering text: 2021
:::(^_^) End of test execution (*_*):::
]]></system-out>
    <system-err><![CDATA[Starting ChromeDriver 86.0.4240.22 (398b0743353ff36fb1b82468f63a3a93b4e2e89e-refs/branch-heads/4240@{#378}) on port 18443
Only local connections are allowed.
Please see https://chromedriver.chromium.org/security-considerations for suggestions on keeping ChromeDriver safe.
ChromeDriver was started successfully.
Nov 05, 2020 1:43:11 PM org.openqa.selenium.remote.ProtocolHandshake createSession
INFO: Detected dialect: W3C
]]></system-err>
  </testcase>
  <testcase name="Add some car with RAMAZAN plates and 2030 year" classname="As user, I want to be able to create new cars" time="34.937">
    <system-out><![CDATA[::: Starting Automation:::
Clicking on 'Create car' button
Key: License Plate, value: RAMAZAN
Key: Model Year, value: 2030
License plate: RAMAZAN
Model year: 2030
Entering text: RAMAZAN
Entering text: 2030
:::(^_^) End of test execution (*_*):::
]]></system-out>
    <system-err><![CDATA[Starting ChromeDriver 86.0.4240.22 (398b0743353ff36fb1b82468f63a3a93b4e2e89e-refs/branch-heads/4240@{#378}) on port 46340
Only local connections are allowed.
Please see https://chromedriver.chromium.org/security-considerations for suggestions on keeping ChromeDriver safe.
ChromeDriver was started successfully.
Nov 05, 2020 1:43:47 PM org.openqa.selenium.remote.ProtocolHandshake createSession
INFO: Detected dialect: W3C
]]></system-err>
  </testcase>
  <testcase name="Add some car with SDET plates and 1999 year" classname="As user, I want to be able to create new cars" time="35.503">
    <system-out><![CDATA[::: Starting Automation:::
Clicking on 'Create car' button
Key: License Plate, value: SDET
Key: Model Year, value: 1999
License plate: SDET
Model year: 1999
Entering text: SDET
Entering text: 1999
:::(^_^) End of test execution (*_*):::
]]></system-out>
    <system-err><![CDATA[Starting ChromeDriver 86.0.4240.22 (398b0743353ff36fb1b82468f63a3a93b4e2e89e-refs/branch-heads/4240@{#378}) on port 9051
Only local connections are allowed.
Please see https://chromedriver.chromium.org/security-considerations for suggestions on keeping ChromeDriver safe.
ChromeDriver was started successfully.
Nov 05, 2020 1:44:22 PM org.openqa.selenium.remote.ProtocolHandshake createSession
INFO: Detected dialect: W3C
]]></system-err>
  </testcase>
  <testcase name="Add some new vehicle model" classname="As user, I want to be able to create a vehicle model" time="47.387">
    <system-out><![CDATA[::: Starting Automation:::
Entering text: 2021
Entering text: Corolla
Corolla
2021
:::(^_^) End of test execution (*_*):::
]]></system-out>
    <system-err><![CDATA[Starting ChromeDriver 86.0.4240.22 (398b0743353ff36fb1b82468f63a3a93b4e2e89e-refs/branch-heads/4240@{#378}) on port 31968
Only local connections are allowed.
Please see https://chromedriver.chromium.org/security-considerations for suggestions on keeping ChromeDriver safe.
ChromeDriver was started successfully.
Nov 05, 2020 1:44:57 PM org.openqa.selenium.remote.ProtocolHandshake createSession
INFO: Detected dialect: W3C
]]></system-err>
  </testcase>
</testsuite>